This file contains any messages produced by compilers while
running configure, to aid debugging if configure makes a mistake.

It was created by home configure 0.1, which was
generated by GNU Autoconf 2.69.  Invocation command line was

  $ ./configure 

## --------- ##
## Platform. ##
## --------- ##

hostname = sweetcat
uname -m = x86_64
uname -r = 5.9.8-gentoo-x86_64
uname -s = Linux
uname -v = #1 SMP Sat Nov 14 18:34:19 -00 2020

/usr/bin/uname -p = Intel(R) Core(TM) i3-5005U CPU @ 2.00GHz
/bin/uname -X     = unknown

/bin/arch              = unknown
/usr/bin/arch -k       = unknown
/usr/convex/getsysinfo = unknown
/usr/bin/hostinfo      = unknown
/bin/machine           = unknown
/usr/bin/oslevel       = unknown
/bin/universe          = unknown

PATH: /usr/local/sbin
PATH: /usr/local/bin
PATH: /usr/sbin
PATH: /usr/bin
PATH: /sbin
PATH: /bin
PATH: /opt/bin


## ----------- ##
## Core tests. ##
## ----------- ##

configure:2030: checking for a BSD-compatible install
configure:2098: result: /usr/bin/install -c
configure:2109: checking whether build environment is sane
configure:2164: result: yes
configure:2313: checking for a thread-safe mkdir -p
configure:2352: result: /bin/mkdir -p
configure:2359: checking for gawk
configure:2375: found /usr/bin/gawk
configure:2386: result: gawk
configure:2397: checking whether make sets $(MAKE)
configure:2419: result: yes
configure:2448: checking whether make supports nested variables
configure:2465: result: yes
configure:2649: checking for g++
configure:2665: found /usr/bin/g++
configure:2676: result: g++
configure:2703: checking for C++ compiler version
configure:2712: g++ --version >&5
g++ (Gentoo 10.2.0-r3 p4) 10.2.0
Copyright (C) 2020 Free Software Foundation, Inc.
This is free software; see the source for copying conditions.  There is NO
warranty; not even for MERCHANTABILITY or FITNESS FOR A PARTICULAR PURPOSE.

configure:2723: $? = 0
configure:2712: g++ -v >&5
Using built-in specs.
COLLECT_GCC=g++
COLLECT_LTO_WRAPPER=/usr/libexec/gcc/x86_64-pc-linux-gnu/10.2.0/lto-wrapper
Target: x86_64-pc-linux-gnu
Configured with: /var/tmp/portage/sys-devel/gcc-10.2.0-r3/work/gcc-10.2.0/configure --host=x86_64-pc-linux-gnu --build=x86_64-pc-linux-gnu --prefix=/usr --bindir=/usr/x86_64-pc-linux-gnu/gcc-bin/10.2.0 --includedir=/usr/lib/gcc/x86_64-pc-linux-gnu/10.2.0/include --datadir=/usr/share/gcc-data/x86_64-pc-linux-gnu/10.2.0 --mandir=/usr/share/gcc-data/x86_64-pc-linux-gnu/10.2.0/man --infodir=/usr/share/gcc-data/x86_64-pc-linux-gnu/10.2.0/info --with-gxx-include-dir=/usr/lib/gcc/x86_64-pc-linux-gnu/10.2.0/include/g++-v10 --with-python-dir=/share/gcc-data/x86_64-pc-linux-gnu/10.2.0/python --enable-languages=c,c++,fortran --enable-obsolete --enable-secureplt --disable-werror --with-system-zlib --enable-nls --without-included-gettext --enable-checking=release --with-bugurl=https://bugs.gentoo.org/ --with-pkgversion='Gentoo 10.2.0-r3 p4' --disable-esp --enable-libstdcxx-time --enable-shared --enable-threads=posix --enable-__cxa_atexit --enable-clocale=gnu --enable-multilib --with-multilib-list=m32,m64 --disable-fixed-point --enable-targets=all --enable-libgomp --disable-libssp --disable-libada --disable-systemtap --enable-vtable-verify --without-zstd --enable-lto --without-isl --enable-default-pie --enable-default-ssp
Thread model: posix
Supported LTO compression algorithms: zlib
gcc version 10.2.0 (Gentoo 10.2.0-r3 p4) 
configure:2723: $? = 0
configure:2712: g++ -V >&5
g++: error: unrecognized command-line option '-V'
g++: fatal error: no input files
compilation terminated.
configure:2723: $? = 1
configure:2712: g++ -qversion >&5
g++: error: unrecognized command-line option '-qversion'; did you mean '--version'?
g++: fatal error: no input files
compilation terminated.
configure:2723: $? = 1
configure:2743: checking whether the C++ compiler works
configure:2765: g++    conftest.cpp  >&5
configure:2769: $? = 0
configure:2817: result: yes
configure:2820: checking for C++ compiler default output file name
configure:2822: result: a.out
configure:2828: checking for suffix of executables
configure:2835: g++ -o conftest    conftest.cpp  >&5
configure:2839: $? = 0
configure:2861: result: 
configure:2883: checking whether we are cross compiling
configure:2891: g++ -o conftest    conftest.cpp  >&5
configure:2895: $? = 0
configure:2902: ./conftest
configure:2906: $? = 0
configure:2894: result: no
configure:2899: checking for suffix of object files
configure:2921: g++ -c   conftest.cpp >&5
configure:2925: $? = 0
configure:2946: result: o
configure:2950: checking whether we are using the GNU C++ compiler
configure:2969: g++ -c   conftest.cpp >&5
configure:2969: $? = 0
configure:2978: result: yes
configure:2987: checking whether g++ accepts -g
configure:3007: g++ -c -g  conftest.cpp >&5
configure:3007: $? = 0
configure:3048: result: yes
configure:3074: checking whether make supports the include directive
configure:3089: make -f confmf.GNU && cat confinc.out
this is the am__doit target
configure:3092: $? = 0
configure:3111: result: yes (GNU style)
configure:3136: checking dependency style of g++
configure:3247: result: gcc3
configure:3317: checking for pkg-config
configure:3335: found /usr/bin/pkg-config
configure:3347: result: /usr/bin/pkg-config
configure:3372: checking pkg-config is at least version 0.9.0
configure:3375: result: yes
configure:3431: checking for gcc
configure:3447: found /usr/bin/gcc
configure:3458: result: gcc
configure:3687: checking for C compiler version
configure:3696: gcc --version >&5
gcc (Gentoo 10.2.0-r3 p4) 10.2.0
Copyright (C) 2020 Free Software Foundation, Inc.
This is free software; see the source for copying conditions.  There is NO
warranty; not even for MERCHANTABILITY or FITNESS FOR A PARTICULAR PURPOSE.

configure:3707: $? = 0
configure:3696: gcc -v >&5
Using built-in specs.
COLLECT_GCC=gcc
COLLECT_LTO_WRAPPER=/usr/libexec/gcc/x86_64-pc-linux-gnu/10.2.0/lto-wrapper
Target: x86_64-pc-linux-gnu
Configured with: /var/tmp/portage/sys-devel/gcc-10.2.0-r3/work/gcc-10.2.0/configure --host=x86_64-pc-linux-gnu --build=x86_64-pc-linux-gnu --prefix=/usr --bindir=/usr/x86_64-pc-linux-gnu/gcc-bin/10.2.0 --includedir=/usr/lib/gcc/x86_64-pc-linux-gnu/10.2.0/include --datadir=/usr/share/gcc-data/x86_64-pc-linux-gnu/10.2.0 --mandir=/usr/share/gcc-data/x86_64-pc-linux-gnu/10.2.0/man --infodir=/usr/share/gcc-data/x86_64-pc-linux-gnu/10.2.0/info --with-gxx-include-dir=/usr/lib/gcc/x86_64-pc-linux-gnu/10.2.0/include/g++-v10 --with-python-dir=/share/gcc-data/x86_64-pc-linux-gnu/10.2.0/python --enable-languages=c,c++,fortran --enable-obsolete --enable-secureplt --disable-werror --with-system-zlib --enable-nls --without-included-gettext --enable-checking=release --with-bugurl=https://bugs.gentoo.org/ --with-pkgversion='Gentoo 10.2.0-r3 p4' --disable-esp --enable-libstdcxx-time --enable-shared --enable-threads=posix --enable-__cxa_atexit --enable-clocale=gnu --enable-multilib --with-multilib-list=m32,m64 --disable-fixed-point --enable-targets=all --enable-libgomp --disable-libssp --disable-libada --disable-systemtap --enable-vtable-verify --without-zstd --enable-lto --without-isl --enable-default-pie --enable-default-ssp
Thread model: posix
Supported LTO compression algorithms: zlib
gcc version 10.2.0 (Gentoo 10.2.0-r3 p4) 
configure:3707: $? = 0
configure:3696: gcc -V >&5
gcc: error: unrecognized command-line option '-V'
gcc: fatal error: no input files
compilation terminated.
configure:3707: $? = 1
configure:3696: gcc -qversion >&5
gcc: error: unrecognized command-line option '-qversion'; did you mean '--version'?
gcc: fatal error: no input files
compilation terminated.
configure:3707: $? = 1
configure:3711: checking whether we are using the GNU C compiler
configure:3730: gcc -c   conftest.c >&5
configure:3730: $? = 0
configure:3739: result: yes
configure:3748: checking whether gcc accepts -g
configure:3768: gcc -c -g  conftest.c >&5
configure:3768: $? = 0
configure:3809: result: yes
configure:3826: checking for gcc option to accept ISO C89
configure:3889: gcc  -c -g -O2  conftest.c >&5
configure:3889: $? = 0
configure:3902: result: none needed
configure:3927: checking whether gcc understands -c and -o together
configure:3949: gcc -c conftest.c -o conftest2.o
configure:3952: $? = 0
configure:3949: gcc -c conftest.c -o conftest2.o
configure:3952: $? = 0
configure:3964: result: yes
configure:3983: checking dependency style of gcc
configure:4094: result: gcc3
configure:4148: checking for SDL
configure:4155: $PKG_CONFIG --exists --print-errors "sdl2 >= $min_sdl_version"
configure:4158: $? = 0
configure:4172: $PKG_CONFIG --exists --print-errors "sdl2 >= $min_sdl_version"
configure:4175: $? = 0
configure:4213: result: yes
configure:4489: checking for GL
configure:4496: $PKG_CONFIG --exists --print-errors "gl"
configure:4499: $? = 0
configure:4513: $PKG_CONFIG --exists --print-errors "gl"
configure:4516: $? = 0
configure:4574: result: yes
configure:4580: checking for GLU
configure:4587: $PKG_CONFIG --exists --print-errors "glu"
configure:4590: $? = 0
configure:4604: $PKG_CONFIG --exists --print-errors "glu"
configure:4607: $? = 0
configure:4665: result: yes
configure:4671: checking for SDL2_IMAGE
configure:4678: $PKG_CONFIG --exists --print-errors "SDL2_image"
configure:4681: $? = 0
configure:4695: $PKG_CONFIG --exists --print-errors "SDL2_image"
configure:4698: $? = 0
configure:4756: result: yes
configure:4869: checking that generated files are newer than configure
configure:4875: result: done
configure:4902: creating ./config.status

## ---------------------- ##
## Running config.status. ##
## ---------------------- ##

This file was extended by home config.status 0.1, which was
generated by GNU Autoconf 2.69.  Invocation command line was

  CONFIG_FILES    = 
  CONFIG_HEADERS  = 
  CONFIG_LINKS    = 
  CONFIG_COMMANDS = 
  $ ./config.status 

on sweetcat

config.status:856: creating Makefile
config.status:856: creating src/Makefile
config.status:856: creating config.h
config.status:1037: config.h is unchanged
config.status:1085: executing depfiles commands
config.status:1162: cd src       && sed -e '/# am--include-marker/d' Makefile         | make -f - am--depfiles
make: Nothing to be done for 'am--depfiles'.
config.status:1167: $? = 0

## ---------------- ##
## Cache variables. ##
## ---------------- ##

ac_cv_c_compiler_gnu=yes
ac_cv_cxx_compiler_gnu=yes
ac_cv_env_CCC_set=
ac_cv_env_CCC_value=
ac_cv_env_CC_set=
ac_cv_env_CC_value=
ac_cv_env_CFLAGS_set=
ac_cv_env_CFLAGS_value=
ac_cv_env_CPPFLAGS_set=
ac_cv_env_CPPFLAGS_value=
ac_cv_env_CXXFLAGS_set=
ac_cv_env_CXXFLAGS_value=
ac_cv_env_CXX_set=
ac_cv_env_CXX_value=
ac_cv_env_GLU_CFLAGS_set=
ac_cv_env_GLU_CFLAGS_value=
ac_cv_env_GLU_LIBS_set=
ac_cv_env_GLU_LIBS_value=
ac_cv_env_GL_CFLAGS_set=
ac_cv_env_GL_CFLAGS_value=
ac_cv_env_GL_LIBS_set=
ac_cv_env_GL_LIBS_value=
ac_cv_env_LDFLAGS_set=
ac_cv_env_LDFLAGS_value=
ac_cv_env_LIBS_set=
ac_cv_env_LIBS_value=
ac_cv_env_PKG_CONFIG_LIBDIR_set=
ac_cv_env_PKG_CONFIG_LIBDIR_value=
ac_cv_env_PKG_CONFIG_PATH_set=
ac_cv_env_PKG_CONFIG_PATH_value=
ac_cv_env_PKG_CONFIG_set=
ac_cv_env_PKG_CONFIG_value=
ac_cv_env_SDL2_FRAMEWORK_set=
ac_cv_env_SDL2_FRAMEWORK_value=
ac_cv_env_SDL2_IMAGE_CFLAGS_set=
ac_cv_env_SDL2_IMAGE_CFLAGS_value=
ac_cv_env_SDL2_IMAGE_LIBS_set=
ac_cv_env_SDL2_IMAGE_LIBS_value=
ac_cv_env_SDL_CFLAGS_set=
ac_cv_env_SDL_CFLAGS_value=
ac_cv_env_SDL_LIBS_set=
ac_cv_env_SDL_LIBS_value=
ac_cv_env_build_alias_set=
ac_cv_env_build_alias_value=
ac_cv_env_host_alias_set=
ac_cv_env_host_alias_value=
ac_cv_env_target_alias_set=
ac_cv_env_target_alias_value=
ac_cv_objext=o
ac_cv_path_ac_pt_PKG_CONFIG=/usr/bin/pkg-config
ac_cv_path_install='/usr/bin/install -c'
ac_cv_path_mkdir=/bin/mkdir
ac_cv_prog_AWK=gawk
ac_cv_prog_ac_ct_CC=gcc
ac_cv_prog_ac_ct_CXX=g++
ac_cv_prog_cc_c89=
ac_cv_prog_cc_g=yes
ac_cv_prog_cxx_g=yes
ac_cv_prog_make_make_set=yes
am_cv_CC_dependencies_compiler_type=gcc3
am_cv_CXX_dependencies_compiler_type=gcc3
am_cv_make_support_nested_variables=yes
am_cv_prog_cc_c_o=yes
pkg_cv_GLU_CFLAGS=
pkg_cv_GLU_LIBS='-lGLU -lGL '
pkg_cv_GL_CFLAGS=
pkg_cv_GL_LIBS='-lGL '
pkg_cv_SDL2_IMAGE_CFLAGS='-I/usr/include/SDL2 -D_REENTRANT '
pkg_cv_SDL2_IMAGE_LIBS='-lSDL2_image -lSDL2 '
pkg_cv_SDL_CFLAGS='-I/usr/include/SDL2 -D_REENTRANT '
pkg_cv_SDL_LIBS='-lSDL2 '

## ----------------- ##
## Output variables. ##
## ----------------- ##

ACLOCAL='${SHELL} /home/sweetcat/house_in_OS/missing aclocal-1.16'
AMDEPBACKSLASH='\'
AMDEP_FALSE='#'
AMDEP_TRUE=''
AMTAR='$${TAR-tar}'
AM_BACKSLASH='\'
AM_DEFAULT_V='$(AM_DEFAULT_VERBOSITY)'
AM_DEFAULT_VERBOSITY='1'
AM_V='$(V)'
AUTOCONF='${SHELL} /home/sweetcat/house_in_OS/missing autoconf'
AUTOHEADER='${SHELL} /home/sweetcat/house_in_OS/missing autoheader'
AUTOMAKE='${SHELL} /home/sweetcat/house_in_OS/missing automake-1.16'
AWK='gawk'
CC='gcc'
CCDEPMODE='depmode=gcc3'
CFLAGS='-g -O2'
CPPFLAGS=''
CXX='g++'
CXXDEPMODE='depmode=gcc3'
CXXFLAGS='-g -O2    '
CYGPATH_W='echo'
DEFS='-DHAVE_CONFIG_H'
DEPDIR='.deps'
ECHO_C=''
ECHO_N='-n'
ECHO_T=''
EXEEXT=''
GLU_CFLAGS=''
GLU_LIBS='-lGLU -lGL '
GL_CFLAGS=''
GL_LIBS='-lGL '
INSTALL_DATA='${INSTALL} -m 644'
INSTALL_PROGRAM='${INSTALL}'
INSTALL_SCRIPT='${INSTALL}'
INSTALL_STRIP_PROGRAM='$(install_sh) -c -s'
LDFLAGS=''
LIBOBJS=''
LIBS=' -lSDL2  -lGL  -lGLU -lGL  -lSDL2_image -lSDL2 '
LTLIBOBJS=''
MAKEINFO='${SHELL} /home/sweetcat/house_in_OS/missing makeinfo'
MKDIR_P='/bin/mkdir -p'
OBJEXT='o'
PACKAGE='home'
PACKAGE_BUGREPORT='a.s.bebenina@uspu.su'
PACKAGE_NAME='home'
PACKAGE_STRING='home 0.1'
PACKAGE_TARNAME='home'
PACKAGE_URL=''
PACKAGE_VERSION='0.1'
PATH_SEPARATOR=':'
PKG_CONFIG='/usr/bin/pkg-config'
PKG_CONFIG_LIBDIR=''
PKG_CONFIG_PATH=''
SDL2_CONFIG='pkg-config sdl2'
SDL2_FRAMEWORK=''
SDL2_IMAGE_CFLAGS='-I/usr/include/SDL2 -D_REENTRANT '
SDL2_IMAGE_LIBS='-lSDL2_image -lSDL2 '
SDL_CFLAGS='-I/usr/include/SDL2 -D_REENTRANT '
SDL_LIBS='-lSDL2 '
SET_MAKE=''
SHELL='/bin/sh'
STRIP=''
VERSION='0.1'
ac_ct_CC='gcc'
ac_ct_CXX='g++'
am__EXEEXT_FALSE=''
am__EXEEXT_TRUE='#'
am__fastdepCC_FALSE='#'
am__fastdepCC_TRUE=''
am__fastdepCXX_FALSE='#'
am__fastdepCXX_TRUE=''
am__include='include'
am__isrc=''
am__leading_dot='.'
am__nodep='_no'
am__quote=''
am__tar='$${TAR-tar} chof - "$$tardir"'
am__untar='$${TAR-tar} xf -'
bindir='${exec_prefix}/bin'
build_alias=''
datadir='${datarootdir}'
datarootdir='${prefix}/share'
docdir='${datarootdir}/doc/${PACKAGE_TARNAME}'
dvidir='${docdir}'
exec_prefix='${prefix}'
host_alias=''
htmldir='${docdir}'
includedir='${prefix}/include'
infodir='${datarootdir}/info'
install_sh='${SHELL} /home/sweetcat/house_in_OS/install-sh'
libdir='${exec_prefix}/lib'
libexecdir='${exec_prefix}/libexec'
localedir='${datarootdir}/locale'
localstatedir='${prefix}/var'
mandir='${datarootdir}/man'
mkdir_p='$(MKDIR_P)'
oldincludedir='/usr/include'
pdfdir='${docdir}'
prefix='/usr/local'
program_transform_name='s,x,x,'
psdir='${docdir}'
runstatedir='${localstatedir}/run'
sbindir='${exec_prefix}/sbin'
sharedstatedir='${prefix}/com'
sysconfdir='${prefix}/etc'
target_alias=''

## ----------- ##
## confdefs.h. ##
## ----------- ##

/* confdefs.h */
#define PACKAGE_NAME "home"
#define PACKAGE_TARNAME "home"
#define PACKAGE_VERSION "0.1"
#define PACKAGE_STRING "home 0.1"
#define PACKAGE_BUGREPORT "a.s.bebenina@uspu.su"
#define PACKAGE_URL ""
#define PACKAGE "home"
#define VERSION "0.1"

configure: exit 0

## ---------------------- ##
## Running config.status. ##
## ---------------------- ##

This file was extended by home config.status 0.1, which was
generated by GNU Autoconf 2.69.  Invocation command line was

  CONFIG_FILES    = 
  CONFIG_HEADERS  = 
  CONFIG_LINKS    = 
  CONFIG_COMMANDS = 
  $ ./config.status config.h

on sweetcat

config.status:856: creating config.h
config.status:1037: config.h is unchanged
